<?xml version="1.0" encoding="UTF-8"?>
<testng-results ignored="0" total="4" passed="4" failed="0" skipped="0">
  <reporter-output>
  </reporter-output>
  <suite started-at="2023-07-03T23:38:28 IST" name="Suite" finished-at="2023-07-03T23:40:15 IST" duration-ms="107917">
    <groups>
    </groups>
    <test started-at="2023-07-03T23:38:28 IST" name="SignInTest" finished-at="2023-07-03T23:38:47 IST" duration-ms="19211">
      <class name="framework.Test.SigninTest">
        <test-method is-config="true" signature="LaunchApp()[pri:0, instance:framework.Test.SigninTest@56673b2c]" started-at="2023-07-03T23:38:28 IST" name="LaunchApp" finished-at="2023-07-03T23:38:33 IST" duration-ms="5644" status="PASS">
          <reporter-output>
          </reporter-output>
        </test-method> <!-- LaunchApp -->
        <test-method signature="singin(java.util.HashMap)[pri:0, instance:framework.Test.SigninTest@56673b2c]" started-at="2023-07-03T23:38:33 IST" name="singin" data-provider="getValues" finished-at="2023-07-03T23:38:44 IST" duration-ms="11065" status="PASS">
          <params>
            <param index="0">
              <value>
                <![CDATA[{password=s@8291949412, wrongpassword=s8291949412, email=s.deshmukh1214@gmail.com}]]>
              </value>
            </param>
          </params>
          <reporter-output>
          </reporter-output>
        </test-method> <!-- singin -->
        <test-method is-config="true" signature="DriverClose()[pri:0, instance:framework.Test.SigninTest@56673b2c]" started-at="2023-07-03T23:38:45 IST" name="DriverClose" finished-at="2023-07-03T23:38:47 IST" duration-ms="2198" status="PASS">
          <reporter-output>
          </reporter-output>
        </test-method> <!-- DriverClose -->
      </class> <!-- framework.Test.SigninTest -->
    </test> <!-- SignInTest -->
    <test started-at="2023-07-03T23:38:47 IST" name="AccountTest" finished-at="2023-07-03T23:39:11 IST" duration-ms="24159">
      <class name="framework.Test.CreateAccountTest">
        <test-method is-config="true" signature="LaunchApp()[pri:0, instance:framework.Test.CreateAccountTest@2ef14fe]" started-at="2023-07-03T23:38:47 IST" name="LaunchApp" finished-at="2023-07-03T23:38:51 IST" duration-ms="3702" status="PASS">
          <reporter-output>
          </reporter-output>
        </test-method> <!-- LaunchApp -->
        <test-method signature="failedlogin(java.util.HashMap)[pri:0, instance:framework.Test.CreateAccountTest@2ef14fe]" started-at="2023-07-03T23:38:51 IST" name="failedlogin" data-provider="getValues" finished-at="2023-07-03T23:38:53 IST" duration-ms="2207" status="PASS">
          <params>
            <param index="0">
              <value>
                <![CDATA[{name=shiv, cnfpass=s@8291949412, pass=s@8291949412, email=sdeshmukh, lastname=deshmukh}]]>
              </value>
            </param>
          </params>
          <reporter-output>
          </reporter-output>
        </test-method> <!-- failedlogin -->
        <test-method is-config="true" signature="DriverClose()[pri:0, instance:framework.Test.CreateAccountTest@2ef14fe]" started-at="2023-07-03T23:38:53 IST" name="DriverClose" finished-at="2023-07-03T23:38:55 IST" duration-ms="2158" status="PASS">
          <reporter-output>
          </reporter-output>
        </test-method> <!-- DriverClose -->
        <test-method is-config="true" signature="LaunchApp()[pri:0, instance:framework.Test.CreateAccountTest@2ef14fe]" started-at="2023-07-03T23:38:55 IST" name="LaunchApp" finished-at="2023-07-03T23:38:59 IST" duration-ms="3792" status="PASS">
          <reporter-output>
          </reporter-output>
        </test-method> <!-- LaunchApp -->
        <test-method signature="login(java.util.HashMap)[pri:0, instance:framework.Test.CreateAccountTest@2ef14fe]" started-at="2023-07-03T23:38:59 IST" name="login" data-provider="getValues" finished-at="2023-07-03T23:39:09 IST" duration-ms="9666" status="PASS">
          <params>
            <param index="0">
              <value>
                <![CDATA[{name=shiv, cnfpass=s@8291949412, pass=s@8291949412, email=sdeshmukh, lastname=deshmukh}]]>
              </value>
            </param>
          </params>
          <reporter-output>
          </reporter-output>
        </test-method> <!-- login -->
        <test-method is-config="true" signature="DriverClose()[pri:0, instance:framework.Test.CreateAccountTest@2ef14fe]" started-at="2023-07-03T23:39:09 IST" name="DriverClose" finished-at="2023-07-03T23:39:11 IST" duration-ms="2395" status="PASS">
          <reporter-output>
          </reporter-output>
        </test-method> <!-- DriverClose -->
      </class> <!-- framework.Test.CreateAccountTest -->
    </test> <!-- AccountTest -->
    <test started-at="2023-07-03T23:39:12 IST" name="PurchaseTest" finished-at="2023-07-03T23:40:15 IST" duration-ms="63959">
      <class name="framework.Test.PurchaseTest">
        <test-method is-config="true" signature="LaunchApp()[pri:0, instance:framework.Test.PurchaseTest@42b02722]" started-at="2023-07-03T23:39:12 IST" name="LaunchApp" finished-at="2023-07-03T23:39:18 IST" duration-ms="6391" status="PASS">
          <reporter-output>
          </reporter-output>
        </test-method> <!-- LaunchApp -->
        <test-method signature="purchase(java.util.HashMap)[pri:0, instance:framework.Test.PurchaseTest@42b02722]" started-at="2023-07-03T23:39:18 IST" name="purchase" data-provider="getValues" finished-at="2023-07-03T23:40:13 IST" duration-ms="54939" status="PASS">
          <params>
            <param index="0">
              <value>
                <![CDATA[{password=s@809760256, mobileNum=8097602560, cityName=San Diego, RegionName=California, countryName=United States, placeName=200 West Arbor Drive, email=shiv777@live.com, PinCode=96162}]]>
              </value>
            </param>
          </params>
          <reporter-output>
          </reporter-output>
        </test-method> <!-- purchase -->
        <test-method is-config="true" signature="DriverClose()[pri:0, instance:framework.Test.PurchaseTest@42b02722]" started-at="2023-07-03T23:40:13 IST" name="DriverClose" finished-at="2023-07-03T23:40:15 IST" duration-ms="2505" status="PASS">
          <reporter-output>
          </reporter-output>
        </test-method> <!-- DriverClose -->
      </class> <!-- framework.Test.PurchaseTest -->
    </test> <!-- PurchaseTest -->
  </suite> <!-- Suite -->
</testng-results>
